<?xml version="1.0" encoding="UTF-8"?>
<coverage generated="1566977920908" clover="3.2.0">
  <project timestamp="1566977920908" name="All files">
    <metrics statements="32" coveredstatements="32" conditionals="22" coveredconditionals="22" methods="3" coveredmethods="3" elements="57" coveredelements="57" complexity="0" loc="32" ncloc="32" packages="1" files="2" classes="2"/>
    <file name="number-str-to-thai.ts" path="D:\unit-test\src\number-str-to-thai.ts">
      <metrics statements="23" coveredstatements="23" conditionals="22" coveredconditionals="22" methods="2" coveredmethods="2"/>
      <line num="2" count="31" type="stmt"/>
      <line num="14" count="31" type="stmt"/>
      <line num="29" count="31" type="stmt"/>
      <line num="31" count="31" type="stmt"/>
      <line num="32" count="106" type="stmt"/>
      <line num="34" count="106" type="cond" truecount="2" falsecount="0"/>
      <line num="36" count="44" type="cond" truecount="4" falsecount="0"/>
      <line num="37" count="8" type="cond" truecount="2" falsecount="0"/>
      <line num="38" count="1" type="stmt"/>
      <line num="40" count="7" type="stmt"/>
      <line num="44" count="36" type="cond" truecount="4" falsecount="0"/>
      <line num="45" count="3" type="stmt"/>
      <line num="48" count="33" type="cond" truecount="4" falsecount="0"/>
      <line num="49" count="4" type="stmt"/>
      <line num="52" count="29" type="cond" truecount="4" falsecount="0"/>
      <line num="53" count="1" type="stmt"/>
      <line num="57" count="28" type="stmt"/>
      <line num="60" count="44" type="stmt"/>
      <line num="64" count="62" type="cond" truecount="2" falsecount="0"/>
      <line num="65" count="1" type="stmt"/>
      <line num="69" count="31" type="stmt"/>
      <line num="73" count="31" type="stmt"/>
      <line num="76" count="1" type="stmt"/>
    </file>
    <file name="number-to-roman.ts" path="D:\unit-test\src\number-to-roman.ts">
      <metrics statements="9" coveredstatements="9" conditionals="0" coveredconditionals="0" methods="1" coveredmethods="1"/>
      <line num="2" count="12" type="stmt"/>
      <line num="3" count="12" type="stmt"/>
      <line num="4" count="12" type="stmt"/>
      <line num="5" count="12" type="stmt"/>
      <line num="6" count="168" type="stmt"/>
      <line num="7" count="23" type="stmt"/>
      <line num="8" count="23" type="stmt"/>
      <line num="11" count="12" type="stmt"/>
      <line num="16" count="1" type="stmt"/>
    </file>
  </project>
</coverage>
