{"D:\\unit-test\\src\\number-str-to-thai.ts": {"path":"D:\\unit-test\\src\\number-str-to-thai.ts","statementMap":{"0":{"start":{"line":2,"column":17},"end":{"line":13,"column":6}},"1":{"start":{"line":14,"column":16},"end":{"line":28,"column":6}},"2":{"start":{"line":29,"column":17},"end":{"line":29,"column":19}},"3":{"start":{"line":31,"column":4},"end":{"line":68,"column":null}},"4":{"start":{"line":31,"column":17},"end":{"line":31,"column":18}},"5":{"start":{"line":32,"column":18},"end":{"line":32,"column":44}},"6":{"start":{"line":34,"column":8},"end":{"line":67,"column":null}},"7":{"start":{"line":36,"column":12},"end":{"line":58,"column":null}},"8":{"start":{"line":37,"column":16},"end":{"line":41,"column":null}},"9":{"start":{"line":38,"column":20},"end":{"line":38,"column":41}},"10":{"start":{"line":40,"column":20},"end":{"line":40,"column":37}},"11":{"start":{"line":44,"column":17},"end":{"line":58,"column":null}},"12":{"start":{"line":45,"column":16},"end":{"line":45,"column":32}},"13":{"start":{"line":48,"column":17},"end":{"line":58,"column":null}},"14":{"start":{"line":49,"column":16},"end":{"line":49,"column":29}},"15":{"start":{"line":52,"column":17},"end":{"line":58,"column":null}},"16":{"start":{"line":53,"column":16},"end":{"line":53,"column":29}},"17":{"start":{"line":57,"column":16},"end":{"line":57,"column":38}},"18":{"start":{"line":60,"column":12},"end":{"line":60,"column":51}},"19":{"start":{"line":64,"column":12},"end":{"line":66,"column":null}},"20":{"start":{"line":65,"column":16},"end":{"line":65,"column":37}},"21":{"start":{"line":69,"column":4},"end":{"line":69,"column":18}},"22":{"start":{"line":73,"column":4},"end":{"line":73,"column":32}},"23":{"start":{"line":76,"column":13},"end":{"line":76,"column":41}}},"fnMap":{"0":{"name":"main","decl":{"start":{"line":1,"column":9},"end":{"line":1,"column":13}},"loc":{"start":{"line":1,"column":28},"end":{"line":70,"column":1}}},"1":{"name":"translateNumber","decl":{"start":{"line":72,"column":9},"end":{"line":72,"column":24}},"loc":{"start":{"line":72,"column":39},"end":{"line":74,"column":1}}}},"branchMap":{"0":{"loc":{"start":{"line":34,"column":8},"end":{"line":67,"column":null}},"type":"if","locations":[{"start":{"line":34,"column":8},"end":{"line":67,"column":null}},{"start":{"line":34,"column":8},"end":{"line":67,"column":null}}]},"1":{"loc":{"start":{"line":36,"column":12},"end":{"line":58,"column":null}},"type":"if","locations":[{"start":{"line":36,"column":12},"end":{"line":58,"column":null}},{"start":{"line":36,"column":12},"end":{"line":58,"column":null}}]},"2":{"loc":{"start":{"line":36,"column":16},"end":{"line":36,"column":38}},"type":"binary-expr","locations":[{"start":{"line":36,"column":16},"end":{"line":36,"column":38}},{"start":{"line":36,"column":42},"end":{"line":36,"column":52}}]},"3":{"loc":{"start":{"line":37,"column":16},"end":{"line":41,"column":null}},"type":"if","locations":[{"start":{"line":37,"column":16},"end":{"line":41,"column":null}},{"start":{"line":37,"column":16},"end":{"line":41,"column":null}}]},"4":{"loc":{"start":{"line":44,"column":17},"end":{"line":58,"column":null}},"type":"if","locations":[{"start":{"line":44,"column":17},"end":{"line":58,"column":null}},{"start":{"line":44,"column":17},"end":{"line":58,"column":null}}]},"5":{"loc":{"start":{"line":44,"column":21},"end":{"line":44,"column":43}},"type":"binary-expr","locations":[{"start":{"line":44,"column":21},"end":{"line":44,"column":43}},{"start":{"line":44,"column":47},"end":{"line":44,"column":57}}]},"6":{"loc":{"start":{"line":48,"column":17},"end":{"line":58,"column":null}},"type":"if","locations":[{"start":{"line":48,"column":17},"end":{"line":58,"column":null}},{"start":{"line":48,"column":17},"end":{"line":58,"column":null}}]},"7":{"loc":{"start":{"line":48,"column":21},"end":{"line":48,"column":43}},"type":"binary-expr","locations":[{"start":{"line":48,"column":21},"end":{"line":48,"column":43}},{"start":{"line":48,"column":47},"end":{"line":48,"column":57}}]},"8":{"loc":{"start":{"line":52,"column":17},"end":{"line":58,"column":null}},"type":"if","locations":[{"start":{"line":52,"column":17},"end":{"line":58,"column":null}},{"start":{"line":52,"column":17},"end":{"line":58,"column":null}}]},"9":{"loc":{"start":{"line":52,"column":21},"end":{"line":52,"column":43}},"type":"binary-expr","locations":[{"start":{"line":52,"column":21},"end":{"line":52,"column":43}},{"start":{"line":52,"column":47},"end":{"line":52,"column":57}}]},"10":{"loc":{"start":{"line":64,"column":12},"end":{"line":66,"column":null}},"type":"if","locations":[{"start":{"line":64,"column":12},"end":{"line":66,"column":null}},{"start":{"line":64,"column":12},"end":{"line":66,"column":null}}]}},"s":{"0":31,"1":31,"2":31,"3":31,"4":31,"5":106,"6":106,"7":44,"8":8,"9":1,"10":7,"11":36,"12":3,"13":33,"14":4,"15":29,"16":1,"17":28,"18":44,"19":62,"20":1,"21":31,"22":31,"23":1},"f":{"0":31,"1":31},"b":{"0":[44,62],"1":[8,36],"2":[44,19],"3":[1,7],"4":[3,33],"5":[36,11],"6":[4,29],"7":[33,8],"8":[1,28],"9":[29,1],"10":[1,61]}}
,"D:\\unit-test\\src\\number-to-roman.ts": {"path":"D:\\unit-test\\src\\number-to-roman.ts","statementMap":{"0":{"start":{"line":2,"column":17},"end":{"line":2,"column":19}},"1":{"start":{"line":3,"column":18},"end":{"line":3,"column":72}},"2":{"start":{"line":4,"column":16},"end":{"line":4,"column":80}},"3":{"start":{"line":5,"column":4},"end":{"line":10,"column":null}},"4":{"start":{"line":5,"column":17},"end":{"line":5,"column":18}},"5":{"start":{"line":6,"column":8},"end":{"line":9,"column":null}},"6":{"start":{"line":7,"column":10},"end":{"line":7,"column":29}},"7":{"start":{"line":8,"column":10},"end":{"line":8,"column":31}},"8":{"start":{"line":11,"column":6},"end":{"line":11,"column":20}},"9":{"start":{"line":16,"column":13},"end":{"line":16,"column":41}}},"fnMap":{"0":{"name":"translateNumber","decl":{"start":{"line":1,"column":9},"end":{"line":1,"column":24}},"loc":{"start":{"line":1,"column":39},"end":{"line":13,"column":1}}}},"branchMap":{},"s":{"0":12,"1":12,"2":12,"3":12,"4":12,"5":168,"6":23,"7":23,"8":12,"9":1},"f":{"0":12},"b":{}}
}
