TN:
SF:D:\unit-test\src\number-str-to-thai.ts
FN:1,main
FN:72,translateNumber
FNF:2
FNH:2
FNDA:31,main
FNDA:31,translateNumber
DA:2,31
DA:14,31
DA:29,31
DA:31,31
DA:32,106
DA:34,106
DA:36,44
DA:37,8
DA:38,1
DA:40,7
DA:44,36
DA:45,3
DA:48,33
DA:49,4
DA:52,29
DA:53,1
DA:57,28
DA:60,44
DA:64,62
DA:65,1
DA:69,31
DA:73,31
DA:76,1
LF:23
LH:23
BRDA:34,0,0,44
BRDA:34,0,1,62
BRDA:36,1,0,8
BRDA:36,1,1,36
BRDA:36,2,0,44
BRDA:36,2,1,19
BRDA:37,3,0,1
BRDA:37,3,1,7
BRDA:44,4,0,3
BRDA:44,4,1,33
BRDA:44,5,0,36
BRDA:44,5,1,11
BRDA:48,6,0,4
BRDA:48,6,1,29
BRDA:48,7,0,33
BRDA:48,7,1,8
BRDA:52,8,0,1
BRDA:52,8,1,28
BRDA:52,9,0,29
BRDA:52,9,1,1
BRDA:64,10,0,1
BRDA:64,10,1,61
BRF:22
BRH:22
end_of_record
TN:
SF:D:\unit-test\src\number-to-roman.ts
FN:1,translateNumber
FNF:1
FNH:1
FNDA:12,translateNumber
DA:2,12
DA:3,12
DA:4,12
DA:5,12
DA:6,168
DA:7,23
DA:8,23
DA:11,12
DA:16,1
LF:9
LH:9
BRF:0
BRH:0
end_of_record
